{"/home/annie/dbwebb-kurser/vteams/project/bike-brain/bike-brain.js": {"path":"/home/annie/dbwebb-kurser/vteams/project/bike-brain/bike-brain.js","statementMap":{"0":{"start":{"line":7,"column":8},"end":{"line":7,"column":21}},"1":{"start":{"line":8,"column":8},"end":{"line":8,"column":23}},"2":{"start":{"line":9,"column":8},"end":{"line":9,"column":23}},"3":{"start":{"line":10,"column":8},"end":{"line":10,"column":23}},"4":{"start":{"line":11,"column":8},"end":{"line":11,"column":34}},"5":{"start":{"line":12,"column":8},"end":{"line":12,"column":32}},"6":{"start":{"line":13,"column":8},"end":{"line":13,"column":26}},"7":{"start":{"line":14,"column":8},"end":{"line":14,"column":32}},"8":{"start":{"line":16,"column":8},"end":{"line":16,"column":50}},"9":{"start":{"line":18,"column":8},"end":{"line":20,"column":11}},"10":{"start":{"line":19,"column":12},"end":{"line":19,"column":67}},"11":{"start":{"line":22,"column":8},"end":{"line":24,"column":11}},"12":{"start":{"line":23,"column":12},"end":{"line":23,"column":72}},"13":{"start":{"line":27,"column":8},"end":{"line":29,"column":11}},"14":{"start":{"line":28,"column":12},"end":{"line":28,"column":42}},"15":{"start":{"line":31,"column":8},"end":{"line":33,"column":11}},"16":{"start":{"line":32,"column":12},"end":{"line":32,"column":74}},"17":{"start":{"line":38,"column":8},"end":{"line":41,"column":11}},"18":{"start":{"line":45,"column":8},"end":{"line":45,"column":23}},"19":{"start":{"line":46,"column":8},"end":{"line":46,"column":23}},"20":{"start":{"line":47,"column":8},"end":{"line":50,"column":11}},"21":{"start":{"line":54,"column":8},"end":{"line":54,"column":27}},"22":{"start":{"line":55,"column":8},"end":{"line":57,"column":11}},"23":{"start":{"line":61,"column":8},"end":{"line":61,"column":41}},"24":{"start":{"line":62,"column":8},"end":{"line":64,"column":11}},"25":{"start":{"line":70,"column":26},"end":{"line":70,"column":36}},"26":{"start":{"line":71,"column":8},"end":{"line":76,"column":10}},"27":{"start":{"line":77,"column":8},"end":{"line":77,"column":79}},"28":{"start":{"line":84,"column":25},"end":{"line":84,"column":35}},"29":{"start":{"line":85,"column":8},"end":{"line":94,"column":9}},"30":{"start":{"line":86,"column":12},"end":{"line":86,"column":48}},"31":{"start":{"line":87,"column":12},"end":{"line":87,"column":48}},"32":{"start":{"line":88,"column":12},"end":{"line":88,"column":49}},"33":{"start":{"line":89,"column":12},"end":{"line":89,"column":48}},"34":{"start":{"line":90,"column":12},"end":{"line":90,"column":97}},"35":{"start":{"line":91,"column":12},"end":{"line":93,"column":15}},"36":{"start":{"line":95,"column":8},"end":{"line":95,"column":32}},"37":{"start":{"line":100,"column":8},"end":{"line":110,"column":9}},"38":{"start":{"line":101,"column":12},"end":{"line":101,"column":38}},"39":{"start":{"line":102,"column":12},"end":{"line":102,"column":27}},"40":{"start":{"line":103,"column":12},"end":{"line":103,"column":60}},"41":{"start":{"line":104,"column":15},"end":{"line":110,"column":9}},"42":{"start":{"line":105,"column":12},"end":{"line":105,"column":39}},"43":{"start":{"line":106,"column":12},"end":{"line":106,"column":62}},"44":{"start":{"line":107,"column":15},"end":{"line":110,"column":9}},"45":{"start":{"line":108,"column":12},"end":{"line":108,"column":37}},"46":{"start":{"line":109,"column":12},"end":{"line":109,"column":55}},"47":{"start":{"line":111,"column":8},"end":{"line":111,"column":36}},"48":{"start":{"line":116,"column":8},"end":{"line":119,"column":9}},"49":{"start":{"line":117,"column":12},"end":{"line":117,"column":57}},"50":{"start":{"line":118,"column":12},"end":{"line":118,"column":19}},"51":{"start":{"line":120,"column":8},"end":{"line":120,"column":31}},"52":{"start":{"line":121,"column":8},"end":{"line":121,"column":35}},"53":{"start":{"line":122,"column":8},"end":{"line":122,"column":55}},"54":{"start":{"line":123,"column":8},"end":{"line":123,"column":36}},"55":{"start":{"line":128,"column":8},"end":{"line":131,"column":9}},"56":{"start":{"line":129,"column":12},"end":{"line":129,"column":43}},"57":{"start":{"line":130,"column":12},"end":{"line":130,"column":19}},"58":{"start":{"line":132,"column":8},"end":{"line":132,"column":34}},"59":{"start":{"line":133,"column":8},"end":{"line":133,"column":24}},"60":{"start":{"line":134,"column":8},"end":{"line":134,"column":57}},"61":{"start":{"line":135,"column":8},"end":{"line":135,"column":36}},"62":{"start":{"line":140,"column":8},"end":{"line":148,"column":9}},"63":{"start":{"line":141,"column":12},"end":{"line":141,"column":33}},"64":{"start":{"line":142,"column":15},"end":{"line":148,"column":9}},"65":{"start":{"line":143,"column":12},"end":{"line":143,"column":31}},"66":{"start":{"line":144,"column":15},"end":{"line":148,"column":9}},"67":{"start":{"line":145,"column":12},"end":{"line":145,"column":34}},"68":{"start":{"line":146,"column":15},"end":{"line":148,"column":9}},"69":{"start":{"line":147,"column":12},"end":{"line":147,"column":32}}},"fnMap":{"0":{"name":"(anonymous_0)","decl":{"start":{"line":6,"column":4},"end":{"line":6,"column":5}},"loc":{"start":{"line":6,"column":30},"end":{"line":34,"column":5}},"line":6},"1":{"name":"(anonymous_1)","decl":{"start":{"line":18,"column":34},"end":{"line":18,"column":35}},"loc":{"start":{"line":18,"column":40},"end":{"line":20,"column":9}},"line":18},"2":{"name":"(anonymous_2)","decl":{"start":{"line":22,"column":37},"end":{"line":22,"column":38}},"loc":{"start":{"line":22,"column":43},"end":{"line":24,"column":9}},"line":22},"3":{"name":"(anonymous_3)","decl":{"start":{"line":27,"column":34},"end":{"line":27,"column":35}},"loc":{"start":{"line":27,"column":44},"end":{"line":29,"column":9}},"line":27},"4":{"name":"(anonymous_4)","decl":{"start":{"line":31,"column":40},"end":{"line":31,"column":41}},"loc":{"start":{"line":31,"column":51},"end":{"line":33,"column":9}},"line":31},"5":{"name":"(anonymous_5)","decl":{"start":{"line":37,"column":4},"end":{"line":37,"column":5}},"loc":{"start":{"line":37,"column":29},"end":{"line":42,"column":5}},"line":37},"6":{"name":"(anonymous_6)","decl":{"start":{"line":44,"column":4},"end":{"line":44,"column":5}},"loc":{"start":{"line":44,"column":29},"end":{"line":51,"column":5}},"line":44},"7":{"name":"(anonymous_7)","decl":{"start":{"line":53,"column":4},"end":{"line":53,"column":5}},"loc":{"start":{"line":53,"column":23},"end":{"line":58,"column":5}},"line":53},"8":{"name":"(anonymous_8)","decl":{"start":{"line":60,"column":4},"end":{"line":60,"column":5}},"loc":{"start":{"line":60,"column":32},"end":{"line":65,"column":5}},"line":60},"9":{"name":"(anonymous_9)","decl":{"start":{"line":69,"column":4},"end":{"line":69,"column":5}},"loc":{"start":{"line":69,"column":26},"end":{"line":78,"column":5}},"line":69},"10":{"name":"(anonymous_10)","decl":{"start":{"line":83,"column":4},"end":{"line":83,"column":5}},"loc":{"start":{"line":83,"column":15},"end":{"line":96,"column":5}},"line":83},"11":{"name":"(anonymous_11)","decl":{"start":{"line":99,"column":4},"end":{"line":99,"column":5}},"loc":{"start":{"line":99,"column":24},"end":{"line":112,"column":5}},"line":99},"12":{"name":"(anonymous_12)","decl":{"start":{"line":115,"column":4},"end":{"line":115,"column":5}},"loc":{"start":{"line":115,"column":28},"end":{"line":124,"column":5}},"line":115},"13":{"name":"(anonymous_13)","decl":{"start":{"line":127,"column":4},"end":{"line":127,"column":5}},"loc":{"start":{"line":127,"column":17},"end":{"line":136,"column":5}},"line":127},"14":{"name":"(anonymous_14)","decl":{"start":{"line":139,"column":4},"end":{"line":139,"column":5}},"loc":{"start":{"line":139,"column":22},"end":{"line":149,"column":5}},"line":139}},"branchMap":{"0":{"loc":{"start":{"line":85,"column":8},"end":{"line":94,"column":9}},"type":"if","locations":[{"start":{"line":85,"column":8},"end":{"line":94,"column":9}},{"start":{},"end":{}}],"line":85},"1":{"loc":{"start":{"line":100,"column":8},"end":{"line":110,"column":9}},"type":"if","locations":[{"start":{"line":100,"column":8},"end":{"line":110,"column":9}},{"start":{"line":104,"column":15},"end":{"line":110,"column":9}}],"line":100},"2":{"loc":{"start":{"line":104,"column":15},"end":{"line":110,"column":9}},"type":"if","locations":[{"start":{"line":104,"column":15},"end":{"line":110,"column":9}},{"start":{"line":107,"column":15},"end":{"line":110,"column":9}}],"line":104},"3":{"loc":{"start":{"line":107,"column":15},"end":{"line":110,"column":9}},"type":"if","locations":[{"start":{"line":107,"column":15},"end":{"line":110,"column":9}},{"start":{},"end":{}}],"line":107},"4":{"loc":{"start":{"line":116,"column":8},"end":{"line":119,"column":9}},"type":"if","locations":[{"start":{"line":116,"column":8},"end":{"line":119,"column":9}},{"start":{},"end":{}}],"line":116},"5":{"loc":{"start":{"line":128,"column":8},"end":{"line":131,"column":9}},"type":"if","locations":[{"start":{"line":128,"column":8},"end":{"line":131,"column":9}},{"start":{},"end":{}}],"line":128},"6":{"loc":{"start":{"line":140,"column":8},"end":{"line":148,"column":9}},"type":"if","locations":[{"start":{"line":140,"column":8},"end":{"line":148,"column":9}},{"start":{"line":142,"column":15},"end":{"line":148,"column":9}}],"line":140},"7":{"loc":{"start":{"line":142,"column":15},"end":{"line":148,"column":9}},"type":"if","locations":[{"start":{"line":142,"column":15},"end":{"line":148,"column":9}},{"start":{"line":144,"column":15},"end":{"line":148,"column":9}}],"line":142},"8":{"loc":{"start":{"line":144,"column":15},"end":{"line":148,"column":9}},"type":"if","locations":[{"start":{"line":144,"column":15},"end":{"line":148,"column":9}},{"start":{"line":146,"column":15},"end":{"line":148,"column":9}}],"line":144},"9":{"loc":{"start":{"line":146,"column":15},"end":{"line":148,"column":9}},"type":"if","locations":[{"start":{"line":146,"column":15},"end":{"line":148,"column":9}},{"start":{},"end":{}}],"line":146}},"s":{"0":21,"1":21,"2":21,"3":21,"4":21,"5":21,"6":21,"7":21,"8":21,"9":21,"10":1,"11":21,"12":1,"13":21,"14":1,"15":21,"16":0,"17":0,"18":1,"19":1,"20":1,"21":1,"22":1,"23":1,"24":1,"25":1,"26":1,"27":1,"28":2,"29":2,"30":1,"31":1,"32":1,"33":1,"34":1,"35":1,"36":2,"37":3,"38":1,"39":1,"40":1,"41":2,"42":1,"43":1,"44":1,"45":1,"46":1,"47":3,"48":2,"49":1,"50":1,"51":1,"52":1,"53":1,"54":1,"55":2,"56":1,"57":1,"58":1,"59":1,"60":1,"61":1,"62":5,"63":2,"64":3,"65":1,"66":2,"67":0,"68":2,"69":1},"f":{"0":21,"1":1,"2":1,"3":1,"4":0,"5":0,"6":1,"7":1,"8":1,"9":1,"10":2,"11":3,"12":2,"13":2,"14":5},"b":{"0":[1,1],"1":[1,2],"2":[1,1],"3":[1,0],"4":[1,1],"5":[1,1],"6":[2,3],"7":[1,2],"8":[0,2],"9":[1,1]},"_coverageSchema":"1a1c01bbd47fc00a2c39e90264f33305004495a9","hash":"20844518328b447f7dc4706655393ccb5c8cd036"}
}
