TN:
SF:bike-brain.js
FN:6,(anonymous_0)
FN:18,(anonymous_1)
FN:22,(anonymous_2)
FN:27,(anonymous_3)
FN:31,(anonymous_4)
FN:37,(anonymous_5)
FN:44,(anonymous_6)
FN:53,(anonymous_7)
FN:60,(anonymous_8)
FN:69,(anonymous_9)
FN:83,(anonymous_10)
FN:99,(anonymous_11)
FN:115,(anonymous_12)
FN:127,(anonymous_13)
FN:139,(anonymous_14)
FNF:15
FNH:13
FNDA:21,(anonymous_0)
FNDA:1,(anonymous_1)
FNDA:1,(anonymous_2)
FNDA:1,(anonymous_3)
FNDA:0,(anonymous_4)
FNDA:0,(anonymous_5)
FNDA:1,(anonymous_6)
FNDA:1,(anonymous_7)
FNDA:1,(anonymous_8)
FNDA:1,(anonymous_9)
FNDA:2,(anonymous_10)
FNDA:3,(anonymous_11)
FNDA:2,(anonymous_12)
FNDA:2,(anonymous_13)
FNDA:5,(anonymous_14)
DA:7,21
DA:8,21
DA:9,21
DA:10,21
DA:11,21
DA:12,21
DA:13,21
DA:14,21
DA:16,21
DA:18,21
DA:19,1
DA:22,21
DA:23,1
DA:27,21
DA:28,1
DA:31,21
DA:32,0
DA:38,0
DA:45,1
DA:46,1
DA:47,1
DA:54,1
DA:55,1
DA:61,1
DA:62,1
DA:70,1
DA:71,1
DA:77,1
DA:84,2
DA:85,2
DA:86,1
DA:87,1
DA:88,1
DA:89,1
DA:90,1
DA:91,1
DA:95,2
DA:100,3
DA:101,1
DA:102,1
DA:103,1
DA:104,2
DA:105,1
DA:106,1
DA:107,1
DA:108,1
DA:109,1
DA:111,3
DA:116,2
DA:117,1
DA:118,1
DA:120,1
DA:121,1
DA:122,1
DA:123,1
DA:128,2
DA:129,1
DA:130,1
DA:132,1
DA:133,1
DA:134,1
DA:135,1
DA:140,5
DA:141,2
DA:142,3
DA:143,1
DA:144,2
DA:145,0
DA:146,2
DA:147,1
LF:70
LH:67
BRDA:85,0,0,1
BRDA:85,0,1,1
BRDA:100,1,0,1
BRDA:100,1,1,2
BRDA:104,2,0,1
BRDA:104,2,1,1
BRDA:107,3,0,1
BRDA:107,3,1,0
BRDA:116,4,0,1
BRDA:116,4,1,1
BRDA:128,5,0,1
BRDA:128,5,1,1
BRDA:140,6,0,2
BRDA:140,6,1,3
BRDA:142,7,0,1
BRDA:142,7,1,2
BRDA:144,8,0,0
BRDA:144,8,1,2
BRDA:146,9,0,1
BRDA:146,9,1,1
BRF:20
BRH:18
end_of_record
